<?xml version="1.0" encoding="UTF-8"?>
<!-- Generated by org.testng.reporters.JUnitXMLReporter -->
<testsuite ignored="0" hostname="192.168.1.2" failures="0" tests="5" name="Surefire test" time="0.015" errors="0" timestamp="2026-03-26T23:57:43 IST">
  <testcase classname="akm.jen_test.AppTest" name="test1" time="0.002"/>
  <testcase classname="akm.jen_test.AppTest" name="test2" time="0.0"/>
  <testcase classname="akm.jen_test.AppTest" name="test3" time="0.0"/>
  <testcase classname="akm.jen_test.AppTest" name="test4" time="0.0"/>
  <testcase classname="akm.jen_test.AppTest" name="test5" time="0.001"/>
</testsuite> <!-- Surefire test -->
