<?xml version="1.0" encoding="UTF-8"?>
<testsuite xmlns:xsi="http://www.w3.org/2001/XMLSchema-instance" xsi:noNamespaceSchemaLocation="https://maven.apache.org/surefire/maven-surefire-plugin/xsd/surefire-test-report-3.0.xsd" version="3.0" name="akm.jen_test.AppTest" time="0.182" tests="5" errors="0" skipped="0" failures="0">
  <properties>
[...]
</properties>
  <testcase name="test1" classname="akm.jen_test.AppTest" time="0.002">
    <system-out><![CDATA[test 1 anil marturi
]]></system-out>
    <system-err><![CDATA[SLF4J: Failed to load class "org.slf4j.impl.StaticLoggerBinder".
SLF4J: Defaulting to no-operation (NOP) logger implementation
SLF4J: See http://www.slf4j.org/codes.html#StaticLoggerBinder for further details.
]]></system-err>
  </testcase>
  <testcase name="test2" classname="akm.jen_test.AppTest" time="0.0">
    <system-out><![CDATA[test 2 anil marturi1
]]></system-out>
  </testcase>
  <testcase name="test3" classname="akm.jen_test.AppTest" time="0.0">
    <system-out><![CDATA[test 3 anil marturi
]]></system-out>
  </testcase>
  <testcase name="test4" classname="akm.jen_test.AppTest" time="0.001">
    <system-out><![CDATA[test 4 anil marturi
]]></system-out>
  </testcase>
  <testcase name="test5" classname="akm.jen_test.AppTest" time="0.0">
    <system-out><![CDATA[test 5 anil marturi
]]></system-out>
  </testcase>
</testsuite>