<?xml version="1.0" encoding="UTF-8"?>
<testng-results ignored="0" total="1" passed="1" failed="0" skipped="0">
  <reporter-output>
  </reporter-output>
  <suite started-at="2026-03-26T23:30:37 IST" name="Surefire suite" finished-at="2026-03-26T23:30:37 IST" duration-ms="13">
    <groups>
    </groups>
    <test started-at="2026-03-26T23:30:37 IST" name="Surefire test" finished-at="2026-03-26T23:30:37 IST" duration-ms="13">
      <class name="akm.jen_test.AppTest">
        <test-method signature="test1()[pri:0, instance:akm.jen_test.AppTest@429bd883]" started-at="2026-03-26T23:30:37 IST" name="test1" finished-at="2026-03-26T23:30:37 IST" duration-ms="2" status="PASS">
          <reporter-output>
          </reporter-output>
        </test-method> <!-- test1 -->
      </class> <!-- akm.jen_test.AppTest -->
    </test> <!-- Surefire test -->
  </suite> <!-- Surefire suite -->
</testng-results>
