<?xml version="1.0" encoding="UTF-8"?>
<testng-results ignored="0" total="5" passed="5" failed="0" skipped="0">
  <reporter-output>
  </reporter-output>
  <suite started-at="2026-03-26T23:57:42 IST" name="Surefire suite" finished-at="2026-03-26T23:57:43 IST" duration-ms="15">
    <groups>
    </groups>
    <test started-at="2026-03-26T23:57:42 IST" name="Surefire test" finished-at="2026-03-26T23:57:43 IST" duration-ms="15">
      <class name="akm.jen_test.AppTest">
        <test-method signature="test1()[pri:0, instance:akm.jen_test.AppTest@4450d156]" started-at="2026-03-26T23:57:43 IST" name="test1" finished-at="2026-03-26T23:57:43 IST" duration-ms="2" status="PASS">
          <reporter-output>
          </reporter-output>
        </test-method> <!-- test1 -->
        <test-method signature="test2()[pri:0, instance:akm.jen_test.AppTest@4450d156]" started-at="2026-03-26T23:57:43 IST" name="test2" finished-at="2026-03-26T23:57:43 IST" duration-ms="0" status="PASS">
          <reporter-output>
          </reporter-output>
        </test-method> <!-- test2 -->
        <test-method signature="test3()[pri:0, instance:akm.jen_test.AppTest@4450d156]" started-at="2026-03-26T23:57:43 IST" name="test3" finished-at="2026-03-26T23:57:43 IST" duration-ms="0" status="PASS">
          <reporter-output>
          </reporter-output>
        </test-method> <!-- test3 -->
        <test-method signature="test5()[pri:0, instance:akm.jen_test.AppTest@4450d156]" started-at="2026-03-26T23:57:43 IST" name="test5" finished-at="2026-03-26T23:57:43 IST" duration-ms="1" status="PASS">
          <reporter-output>
          </reporter-output>
        </test-method> <!-- test5 -->
        <test-method signature="test4()[pri:0, instance:akm.jen_test.AppTest@4450d156]" started-at="2026-03-26T23:57:43 IST" name="test4" finished-at="2026-03-26T23:57:43 IST" duration-ms="0" status="PASS">
          <reporter-output>
          </reporter-output>
        </test-method> <!-- test4 -->
      </class> <!-- akm.jen_test.AppTest -->
    </test> <!-- Surefire test -->
  </suite> <!-- Surefire suite -->
</testng-results>
